Target Part: AGLN250V2_VQFP100_STD
Report for cell CONNECTOR.behaviour
  Core Cell usage:
              cell count     area count*area
               AO1     1      1.0        1.0
              AO1B     1      1.0        1.0
              AOI1     1      1.0        1.0
             AOI1B     1      1.0        1.0
              AX1A     1      1.0        1.0
              AX1B     1      1.0        1.0
              AX1E     1      1.0        1.0
             AXOI3     2      1.0        2.0
              BUFF     1      1.0        1.0
               GND     5      0.0        0.0
               INV     1      1.0        1.0
              MX2B     1      1.0        1.0
             NOR2A     5      1.0        5.0
             NOR2B     2      1.0        2.0
              NOR3     2      1.0        2.0
             NOR3A     4      1.0        4.0
             NOR3B     5      1.0        5.0
              OA1A     1      1.0        1.0
              OA1B     1      1.0        1.0
              OA1C     3      1.0        3.0
               OR2     4      1.0        4.0
              OR2A     2      1.0        2.0
              OR2B     3      1.0        3.0
               OR3     1      1.0        1.0
              OR3A     3      1.0        3.0
              OR3B     4      1.0        4.0
              OR3C     2      1.0        2.0
               VCC     5      0.0        0.0
              XA1C     1      1.0        1.0
              XO1A     2      1.0        2.0
              XOR2     2      1.0        2.0


              DFN1     5      1.0        5.0
            DFN1C0    10      1.0       10.0
          DFN1E0C0    20      1.0       20.0
          DFN1E1C0     1      1.0        1.0
          DFN1E1P0     1      1.0        1.0
                   -----          ----------
             TOTAL   106                96.0


  IO Cell usage:
              cell count
            CLKBUF     1
             INBUF     3
            OUTBUF    16
                   -----
             TOTAL    20


Core Cells         : 96 of 6144 (2%)
IO Cells           : 20

  RAM/ROM Usage Summary
Block Rams : 0 of 8 (0%)

