sourcing C:\Microsemi\Libero_v11.6\Synopsys\fpga_J-2015.03M-3\lib\message_override.tcl


Starting:    C:\Microsemi\Libero_v11.6\Synopsys\fpga_J-2015.03M-3\bin\mbin\synbatch.exe
Install:     C:\Microsemi\Libero_v11.6\Synopsys\fpga_J-2015.03M-3
Hostname:    MATZE-PC
Date:        Fri Jan 22 11:29:28 2016
Version:     J-2015.03M-3

Arguments:   -product synplify_pro -licensetype synplifypro_actel -batch -log synplify.log top_syn.tcl
ProductType: synplify_pro

License checkout: synplifypro_actel
License: synplifypro_actel node-locked 
Licensed Vendor: actel
License Option: actel_oem

Running in Vendor Mode


auto_infer_blackbox is not supported in current product.

log file: "C:\Users\matze\Documents\igloo\system\teamprojekt2\synthesis\top.srr"

Running: synthesis in foreground



Running top_syn|synthesis


Running: compile (Compile) on top_syn|synthesis


Running: compile_flow (Compile Process) on top_syn|synthesis


Running: compiler (Compile Input) on top_syn|synthesis

Copied C:\Users\matze\Documents\igloo\system\teamprojekt2\synthesis\synwork\top_comp.srs to C:\Users\matze\Documents\igloo\system\teamprojekt2\synthesis\top.srs


compiler Completed
Return Code: 0
Run Time:0h:00m:07s


Running: multi_srs_gen (Multi-srs Generator) on top_syn|synthesis

Copied C:\Users\matze\Documents\igloo\system\teamprojekt2\synthesis\synwork\top_comp.srs to C:\Users\matze\Documents\igloo\system\teamprojekt2\synthesis\synwork\top_s.srs


multi_srs_gen Completed
Return Code: 0
Run Time:0h:00m:01s

Copied C:\Users\matze\Documents\igloo\system\teamprojekt2\synthesis\synwork\top_mult.srs to C:\Users\matze\Documents\igloo\system\teamprojekt2\synthesis\top.srs

Complete: Compile Process on top_syn|synthesis


Running: premap (Pre-mapping) on top_syn|synthesis

Copied C:\Users\matze\Documents\igloo\system\teamprojekt2\synthesis\top.sap to C:\Users\matze\Documents\igloo\system\teamprojekt2\synthesis\synwork\top_s.sap

Copied C:\Users\matze\Documents\igloo\system\teamprojekt2\synthesis\top.fse to C:\Users\matze\Documents\igloo\system\teamprojekt2\synthesis\synwork\top_s.fse


premap Completed with warnings
Return Code: 1
Run Time:0h:00m:02s

Complete: Compile on top_syn|synthesis


Running: map (Map) on top_syn|synthesis


Running: fpga_mapper (Map & Optimize) on top_syn|synthesis

Copied C:\Users\matze\Documents\igloo\system\teamprojekt2\synthesis\synwork\top_m.srm to C:\Users\matze\Documents\igloo\system\teamprojekt2\synthesis\top.srm


fpga_mapper Completed with warnings
Return Code: 1
Run Time:0h:00m:15s

Complete: Map on top_syn|synthesis

Complete: Logic Synthesis on top_syn|synthesis

TCL script complete: "top_syn.tcl"

exit status=0

exit status=0

License checkin: synplifypro_actel

